<?xml version="1.0" encoding="UTF-8"?>
<testsuite name="it.unimi.di.sweng.DoublyLinkedListTest" tests="9" skipped="0" failures="0" errors="0" timestamp="2023-11-03T20:59:46" hostname="LAPTOP-48NFCC9J" time="0.256">
  <properties/>
  <testcase name="testMorePushPop()" classname="it.unimi.di.sweng.DoublyLinkedListTest" time="0.159"/>
  <testcase name="testExample()" classname="it.unimi.di.sweng.DoublyLinkedListTest" time="0.013"/>
  <testcase name="testShiftExceptionalSituation()" classname="it.unimi.di.sweng.DoublyLinkedListTest" time="0.007"/>
  <testcase name="testPopExceptionalSituation()" classname="it.unimi.di.sweng.DoublyLinkedListTest" time="0.002"/>
  <testcase name="testPushPop()" classname="it.unimi.di.sweng.DoublyLinkedListTest" time="0.003"/>
  <testcase name="testPushShift()" classname="it.unimi.di.sweng.DoublyLinkedListTest" time="0.002"/>
  <testcase name="testUnshiftPop()" classname="it.unimi.di.sweng.DoublyLinkedListTest" time="0.004"/>
  <testcase name="testUnshiftShift()" classname="it.unimi.di.sweng.DoublyLinkedListTest" time="0.005"/>
  <testcase name="testMorePushShift()" classname="it.unimi.di.sweng.DoublyLinkedListTest" time="0.002"/>
  <system-out><![CDATA[]]></system-out>
  <system-err><![CDATA[]]></system-err>
</testsuite>
