<?xml version="1.0" encoding="UTF-8"?>
<testsuite name="it.unimi.di.sweng.DoublyLinkedListTest" tests="9" skipped="0" failures="0" errors="0" timestamp="2023-10-05T16:00:56" hostname="LAPTOP-48NFCC9J" time="0.903">
  <properties/>
  <testcase name="testMorePushPop()" classname="it.unimi.di.sweng.DoublyLinkedListTest" time="0.811"/>
  <testcase name="testExample()" classname="it.unimi.di.sweng.DoublyLinkedListTest" time="0.018"/>
  <testcase name="testShiftExceptionalSituation()" classname="it.unimi.di.sweng.DoublyLinkedListTest" time="0.014"/>
  <testcase name="testPopExceptionalSituation()" classname="it.unimi.di.sweng.DoublyLinkedListTest" time="0.004"/>
  <testcase name="testPushPop()" classname="it.unimi.di.sweng.DoublyLinkedListTest" time="0.002"/>
  <testcase name="testPushShift()" classname="it.unimi.di.sweng.DoublyLinkedListTest" time="0.004"/>
  <testcase name="testUnshiftPop()" classname="it.unimi.di.sweng.DoublyLinkedListTest" time="0.007"/>
  <testcase name="testUnshiftShift()" classname="it.unimi.di.sweng.DoublyLinkedListTest" time="0.019"/>
  <testcase name="testMorePushShift()" classname="it.unimi.di.sweng.DoublyLinkedListTest" time="0.002"/>
  <system-out><![CDATA[]]></system-out>
  <system-err><![CDATA[]]></system-err>
</testsuite>
