<?xml version="1.0" encoding="UTF-8"?>
<testsuite name="it.unimi.di.sweng.DoublyLinkedListTest" tests="1" skipped="0" failures="0" errors="0" timestamp="2023-10-26T12:32:51" hostname="LAPTOP-48NFCC9J" time="0.094">
  <properties/>
  <testcase name="testShiftExceptionalSituation()" classname="it.unimi.di.sweng.DoublyLinkedListTest" time="0.094"/>
  <system-out><![CDATA[]]></system-out>
  <system-err><![CDATA[]]></system-err>
</testsuite>
